<?xml version="1.0" encoding="UTF-8"?>
<!-- Generated by org.testng.reporters.JUnitReportReporter -->
<testsuite hostname="LAPTOP-5KMFOFH9" failures="0" tests="1" name="com.driverSessions.DriverSessionWithUiAutomator2OptionsClass" time="9.071" errors="0" timestamp="2025-01-07T21:40:47 IST" skipped="0">
  <testcase classname="com.driverSessions.DriverSessionWithUiAutomator2OptionsClass" name="testAppiumDriverSession" time="9.071"/>
  <system-out/>
</testsuite> <!-- com.driverSessions.DriverSessionWithUiAutomator2OptionsClass -->
