<?xml version="1.0" encoding="UTF-8"?>
<!-- Generated by org.testng.reporters.JUnitReportReporter -->
<testsuite hostname="LAPTOP-5KMFOFH9" failures="0" tests="1" name="com.MobileScenarios.NetworkSetUpToggleThings" time="20.705" errors="0" timestamp="2025-01-09T21:29:27 IST" skipped="0">
  <testcase classname="com.MobileScenarios.NetworkSetUpToggleThings" name="testToggleSetup" time="20.705"/>
  <system-out/>
</testsuite> <!-- com.MobileScenarios.NetworkSetUpToggleThings -->
