<?xml version="1.0" encoding="UTF-8"?>
<!-- Generated by org.testng.reporters.JUnitReportReporter -->
<testsuite hostname="LAPTOP-5KMFOFH9" failures="0" tests="1" name="com.TestApplicationScenarios.DragnDropGesture" time="12.849" errors="0" timestamp="2025-01-08T22:24:47 IST" skipped="0">
  <testcase classname="com.TestApplicationScenarios.DragnDropGesture" name="testGesture" time="12.849"/>
  <system-out/>
</testsuite> <!-- com.TestApplicationScenarios.DragnDropGesture -->
