<?xml version="1.0" encoding="UTF-8"?>
<!-- Generated by org.testng.reporters.JUnitReportReporter -->
<testsuite hostname="LAPTOP-5KMFOFH9" failures="0" tests="1" name="com.MobileScenarios.TestKeywboardKeyEventClass" time="18.031" errors="0" timestamp="2025-01-09T20:54:58 IST" skipped="0">
  <testcase classname="com.MobileScenarios.TestKeywboardKeyEventClass" name="testKeyEvent" time="18.031"/>
  <system-out/>
</testsuite> <!-- com.MobileScenarios.TestKeywboardKeyEventClass -->
