<?xml version="1.0" encoding="UTF-8"?>
<!-- Generated by org.testng.reporters.JUnitReportReporter -->
<testsuite hostname="LAPTOP-5KMFOFH9" failures="0" tests="1" name="com.RestAPITest.FirstAPICall" time="2.221" errors="0" timestamp="2024-12-30T21:39:01 IST" skipped="0">
  <testcase classname="com.RestAPITest.FirstAPICall" name="singleUSerTest" time="2.221"/>
  <system-out/>
</testsuite> <!-- com.RestAPITest.FirstAPICall -->
