<?xml version="1.0" encoding="UTF-8"?>
<!-- Generated by org.testng.reporters.JUnitReportReporter -->
<testsuite hostname="LAPTOP-5KMFOFH9" failures="0" tests="1" name="com.RestAPITest.TestJsonValidation" time="3.535" errors="0" timestamp="2024-12-30T21:56:09 IST" skipped="0">
  <testcase classname="com.RestAPITest.TestJsonValidation" name="validateJsonFields" time="3.535"/>
  <system-out/>
</testsuite> <!-- com.RestAPITest.TestJsonValidation -->
