<?xml version="1.0" encoding="UTF-8"?>
<!-- Generated by org.testng.reporters.JUnitReportReporter -->
<testsuite hostname="LAPTOP-5KMFOFH9" failures="0" tests="1" name="com.MobileScenarios.WorkingWithApp" time="13.532" errors="0" timestamp="2025-01-09T22:20:01 IST" skipped="0">
  <testcase classname="com.MobileScenarios.WorkingWithApp" name="testAppManagement" time="13.532"/>
  <system-out/>
</testsuite> <!-- com.MobileScenarios.WorkingWithApp -->
