<?xml version="1.0" encoding="UTF-8"?>
<!-- Generated by org.testng.reporters.JUnitReportReporter -->
<testsuite hostname="LAPTOP-5KMFOFH9" failures="0" tests="1" name="com.RestAPITest.APITestUsingBDD" time="3.141" errors="0" timestamp="2024-12-30T22:28:43 IST" skipped="0">
  <testcase classname="com.RestAPITest.APITestUsingBDD" name="validateListOfUsers" time="3.141"/>
  <system-out/>
</testsuite> <!-- com.RestAPITest.APITestUsingBDD -->
