<?xml version="1.0" encoding="UTF-8"?>
<!-- Generated by org.testng.reporters.JUnitReportReporter -->
<testsuite hostname="LAPTOP-5KMFOFH9" failures="0" tests="1" name="com.TestApplicationScenarios.ScrollGestureTest" time="14.730" errors="0" timestamp="2025-01-08T22:01:11 IST" skipped="0">
  <testcase classname="com.TestApplicationScenarios.ScrollGestureTest" name="testGesture" time="14.730"/>
  <system-out/>
</testsuite> <!-- com.TestApplicationScenarios.ScrollGestureTest -->
