<?xml version="1.0" encoding="UTF-8"?>
<!-- Generated by org.testng.reporters.JUnitReportReporter -->
<testsuite hostname="LAPTOP-5KMFOFH9" failures="0" tests="1" name="com.driverSessions.CreateDriverSessionForNewAppUsingAppPackagename" time="9.795" errors="0" timestamp="2025-01-07T21:54:38 IST" skipped="0">
  <testcase classname="com.driverSessions.CreateDriverSessionForNewAppUsingAppPackagename" name="testSessionUsingPackageAndActivity" time="9.795"/>
  <system-out/>
</testsuite> <!-- com.driverSessions.CreateDriverSessionForNewAppUsingAppPackagename -->
