<?xml version="1.0" encoding="UTF-8"?>
<!-- Generated by org.testng.reporters.JUnitReportReporter -->
<testsuite hostname="LAPTOP-5KMFOFH9" failures="0" tests="3" name="com.RestAPITest.WaysToPostCall" time="4.496" errors="0" timestamp="2024-12-31T20:57:24 IST" skipped="2">
  <testcase classname="com.RestAPITest.WaysToPostCall" name="createPostUsingPOJO" time="4.496"/>
  <system-out/>
  <testcase classname="com.RestAPITest.WaysToPostCall" name="createPostUsingHashMap">
    <skipped/>
  </testcase> <!-- createPostUsingHashMap -->
  <system-out/>
  <testcase classname="com.RestAPITest.WaysToPostCall" name="createBasicPost">
    <skipped/>
  </testcase> <!-- createBasicPost -->
  <system-out/>
</testsuite> <!-- com.RestAPITest.WaysToPostCall -->
