<?xml version="1.0" encoding="UTF-8"?>
<!-- Generated by org.testng.reporters.JUnitReportReporter -->
<testsuite hostname="LAPTOP-5KMFOFH9" failures="0" tests="4" name="com.ApiScenarios.HotelAPIChaining" time="7.723" errors="0" timestamp="2024-12-31T21:41:46 IST" skipped="0">
  <testcase classname="com.ApiScenarios.HotelAPIChaining" name="createNewBooking" time="4.270"/>
  <system-out/>
  <testcase classname="com.ApiScenarios.HotelAPIChaining" name="getBookingDetials" time="1.175"/>
  <system-out/>
  <testcase classname="com.ApiScenarios.HotelAPIChaining" name="createToken" time="1.172"/>
  <system-out/>
  <testcase classname="com.ApiScenarios.HotelAPIChaining" name="fullBookingUpdate" time="1.106"/>
  <system-out/>
</testsuite> <!-- com.ApiScenarios.HotelAPIChaining -->
