<?xml version="1.0" encoding="UTF-8"?>
<!-- Generated by org.testng.reporters.JUnitReportReporter -->
<testsuite hostname="LAPTOP-5KMFOFH9" failures="0" tests="1" name="com.ApiScenarios.AuthenticationTest" time="4.387" errors="0" timestamp="2025-01-02T21:24:06 IST" skipped="0">
  <testcase classname="com.ApiScenarios.AuthenticationTest" name="OAuth2Test" time="4.387"/>
  <system-out/>
</testsuite> <!-- com.ApiScenarios.AuthenticationTest -->
