<?xml version="1.0" encoding="UTF-8"?>
<!-- Generated by org.testng.reporters.JUnitReportReporter -->
<testsuite hostname="LAPTOP-5KMFOFH9" failures="0" tests="1" name="com.MobileScenarios.HandleAndroidNotification" time="9.005" errors="0" timestamp="2025-01-09T21:11:58 IST" skipped="0">
  <testcase classname="com.MobileScenarios.HandleAndroidNotification" name="testNotifications" time="9.005"/>
  <system-out/>
</testsuite> <!-- com.MobileScenarios.HandleAndroidNotification -->
