<?xml version="1.0" encoding="UTF-8"?>
<!-- Generated by org.testng.reporters.JUnitReportReporter -->
<testsuite hostname="LAPTOP-5KMFOFH9" failures="0" tests="1" name="com.ApiScenarios.TestParameters" time="2.942" errors="0" timestamp="2024-12-31T21:54:16 IST" skipped="0">
  <testcase classname="com.ApiScenarios.TestParameters" name="setQueryPathParam" time="2.942"/>
  <system-out/>
</testsuite> <!-- com.ApiScenarios.TestParameters -->
