<?xml version="1.0" encoding="UTF-8"?>
<!-- Generated by org.testng.reporters.JUnitReportReporter -->
<testsuite hostname="LAPTOP-5KMFOFH9" failures="0" tests="1" name="com.MobileScenarios.AlertHAndlingInAppium" time="13.159" errors="0" timestamp="2025-01-09T20:31:03 IST" skipped="0">
  <testcase classname="com.MobileScenarios.AlertHAndlingInAppium" name="testAlert" time="13.159"/>
  <system-out/>
</testsuite> <!-- com.MobileScenarios.AlertHAndlingInAppium -->
