<?xml version="1.0" encoding="UTF-8"?>
<!-- Generated by org.testng.reporters.JUnitReportReporter -->
<testsuite hostname="LAPTOP-5KMFOFH9" failures="0" tests="1" name="com.TestApplicationScenarios.TestMobileAppLocators" time="29.698" errors="0" timestamp="2025-01-08T21:10:39 IST" skipped="0">
  <testcase classname="com.TestApplicationScenarios.TestMobileAppLocators" name="testLocators" time="29.698"/>
  <system-out/>
</testsuite> <!-- com.TestApplicationScenarios.TestMobileAppLocators -->
