<?xml version="1.0" encoding="UTF-8"?>
<!-- Generated by org.testng.reporters.JUnitReportReporter -->
<testsuite hostname="LAPTOP-5KMFOFH9" failures="0" tests="1" name="com.RestAPITest.Assignment2" time="3.565" errors="0" timestamp="2025-01-07T15:20:39 IST" skipped="0">
  <testcase classname="com.RestAPITest.Assignment2" name="UsingHashmap" time="3.565"/>
  <system-out/>
</testsuite> <!-- com.RestAPITest.Assignment2 -->
