<?xml version="1.0" encoding="UTF-8"?>
<!-- Generated by org.testng.reporters.JUnitReportReporter -->
<testsuite hostname="LAPTOP-5KMFOFH9" failures="0" tests="1" name="com.TestApplicationScenarios.ClickGestureTest" time="9.669" errors="0" timestamp="2025-01-08T21:28:43 IST" skipped="0">
  <testcase classname="com.TestApplicationScenarios.ClickGestureTest" name="testClickGesture" time="9.669"/>
  <system-out/>
</testsuite> <!-- com.TestApplicationScenarios.ClickGestureTest -->
