<?xml version="1.0" encoding="UTF-8"?>
<!-- Generated by org.testng.reporters.JUnitReportReporter -->
<testsuite hostname="LAPTOP-5KMFOFH9" failures="0" tests="1" name="com.driverSessions.DriverSessionWithDesiredCapabilities" time="16.901" errors="0" timestamp="2025-01-07T21:22:20 IST" skipped="0">
  <testcase classname="com.driverSessions.DriverSessionWithDesiredCapabilities" name="testDriverSession" time="16.901"/>
  <system-out/>
</testsuite> <!-- com.driverSessions.DriverSessionWithDesiredCapabilities -->
