<?xml version="1.0" encoding="UTF-8"?>
<!-- Generated by org.testng.reporters.JUnitReportReporter -->
<testsuite hostname="LAPTOP-5KMFOFH9" failures="0" tests="1" name="com.TestApplicationScenarios.LongClickGestureTest" time="17.730" errors="0" timestamp="2025-01-08T22:34:02 IST" skipped="0">
  <testcase classname="com.TestApplicationScenarios.LongClickGestureTest" name="testLongClickGesture" time="17.730"/>
  <system-out/>
</testsuite> <!-- com.TestApplicationScenarios.LongClickGestureTest -->
