<?xml version="1.0" encoding="UTF-8"?>
<!-- Generated by org.testng.reporters.JUnitReportReporter -->
<testsuite hostname="LAPTOP-5KMFOFH9" failures="0" tests="1" name="com.ApiScenarios.CookiesHeadersValidation" time="2.602" errors="0" timestamp="2024-12-31T22:21:38 IST" skipped="0">
  <testcase classname="com.ApiScenarios.CookiesHeadersValidation" name="validateCookies" time="2.602"/>
  <system-out/>
</testsuite> <!-- com.ApiScenarios.CookiesHeadersValidation -->
