<?xml version="1.0" encoding="UTF-8"?>
<!-- Generated by org.testng.reporters.JUnitReportReporter -->
<testsuite hostname="LAPTOP-5KMFOFH9" failures="0" tests="1" name="com.ApiScenarios.SerializationDeserializationTest" time="0.348" errors="0" timestamp="2024-12-31T22:36:03 IST" skipped="0">
  <testcase classname="com.ApiScenarios.SerializationDeserializationTest" name="testDeserialization" time="0.348"/>
  <system-out/>
</testsuite> <!-- com.ApiScenarios.SerializationDeserializationTest -->
