<?xml version="1.0" encoding="UTF-8"?>
<!-- Generated by org.testng.reporters.JUnitReportReporter -->
<testsuite hostname="LAPTOP-5KMFOFH9" failures="0" tests="1" name="com.MobileScenarios.LockUnlockRotateTest" time="10.624" errors="0" timestamp="2025-01-09T21:39:35 IST" skipped="0">
  <testcase classname="com.MobileScenarios.LockUnlockRotateTest" name="testAppInteraction" time="10.624"/>
  <system-out/>
</testsuite> <!-- com.MobileScenarios.LockUnlockRotateTest -->
